{"C:\\www\\curso-testes-automatizados\\Aula 2\\jest\\src\\atividade1.js": {"path":"C:\\www\\curso-testes-automatizados\\Aula 2\\jest\\src\\atividade1.js","all":false,"statementMap":{"0":{"start":{"line":1,"column":0},"end":{"line":1,"column":44}},"1":{"start":{"line":2,"column":0},"end":{"line":2,"column":0}},"2":{"start":{"line":3,"column":0},"end":{"line":3,"column":7}},"3":{"start":{"line":4,"column":0},"end":{"line":4,"column":37}},"4":{"start":{"line":5,"column":0},"end":{"line":5,"column":32}},"5":{"start":{"line":6,"column":0},"end":{"line":6,"column":7}},"6":{"start":{"line":7,"column":0},"end":{"line":7,"column":25}},"7":{"start":{"line":8,"column":0},"end":{"line":8,"column":71}},"8":{"start":{"line":9,"column":0},"end":{"line":9,"column":53}},"9":{"start":{"line":10,"column":0},"end":{"line":10,"column":9}},"10":{"start":{"line":11,"column":0},"end":{"line":11,"column":29}},"11":{"start":{"line":12,"column":0},"end":{"line":12,"column":5}},"12":{"start":{"line":13,"column":0},"end":{"line":13,"column":0}},"13":{"start":{"line":14,"column":0},"end":{"line":14,"column":7}},"14":{"start":{"line":15,"column":0},"end":{"line":15,"column":64}},"15":{"start":{"line":16,"column":0},"end":{"line":16,"column":55}},"16":{"start":{"line":17,"column":0},"end":{"line":17,"column":23}},"17":{"start":{"line":18,"column":0},"end":{"line":18,"column":7}},"18":{"start":{"line":19,"column":0},"end":{"line":19,"column":28}},"19":{"start":{"line":20,"column":0},"end":{"line":20,"column":57}},"20":{"start":{"line":21,"column":0},"end":{"line":21,"column":62}},"21":{"start":{"line":22,"column":0},"end":{"line":22,"column":59}},"22":{"start":{"line":23,"column":0},"end":{"line":23,"column":5}},"23":{"start":{"line":24,"column":0},"end":{"line":24,"column":0}},"24":{"start":{"line":25,"column":0},"end":{"line":25,"column":0}},"25":{"start":{"line":26,"column":0},"end":{"line":26,"column":7}},"26":{"start":{"line":27,"column":0},"end":{"line":27,"column":63}},"27":{"start":{"line":28,"column":0},"end":{"line":28,"column":55}},"28":{"start":{"line":29,"column":0},"end":{"line":29,"column":23}},"29":{"start":{"line":30,"column":0},"end":{"line":30,"column":7}},"30":{"start":{"line":31,"column":0},"end":{"line":31,"column":27}},"31":{"start":{"line":32,"column":0},"end":{"line":32,"column":57}},"32":{"start":{"line":33,"column":0},"end":{"line":33,"column":62}},"33":{"start":{"line":34,"column":0},"end":{"line":34,"column":77}},"34":{"start":{"line":35,"column":0},"end":{"line":35,"column":5}},"35":{"start":{"line":36,"column":0},"end":{"line":36,"column":0}},"36":{"start":{"line":37,"column":0},"end":{"line":37,"column":7}},"37":{"start":{"line":38,"column":0},"end":{"line":38,"column":61}},"38":{"start":{"line":39,"column":0},"end":{"line":39,"column":54}},"39":{"start":{"line":40,"column":0},"end":{"line":40,"column":52}},"40":{"start":{"line":41,"column":0},"end":{"line":41,"column":23}},"41":{"start":{"line":42,"column":0},"end":{"line":42,"column":7}},"42":{"start":{"line":43,"column":0},"end":{"line":43,"column":47}},"43":{"start":{"line":44,"column":0},"end":{"line":44,"column":72}},"44":{"start":{"line":45,"column":0},"end":{"line":45,"column":62}},"45":{"start":{"line":46,"column":0},"end":{"line":46,"column":44}},"46":{"start":{"line":47,"column":0},"end":{"line":47,"column":5}},"47":{"start":{"line":48,"column":0},"end":{"line":48,"column":0}},"48":{"start":{"line":49,"column":0},"end":{"line":49,"column":7}},"49":{"start":{"line":50,"column":0},"end":{"line":50,"column":45}},"50":{"start":{"line":51,"column":0},"end":{"line":51,"column":39}},"51":{"start":{"line":52,"column":0},"end":{"line":52,"column":48}},"52":{"start":{"line":53,"column":0},"end":{"line":53,"column":41}},"53":{"start":{"line":54,"column":0},"end":{"line":54,"column":36}},"54":{"start":{"line":55,"column":0},"end":{"line":55,"column":22}},"55":{"start":{"line":56,"column":0},"end":{"line":56,"column":6}},"56":{"start":{"line":57,"column":0},"end":{"line":57,"column":17}},"57":{"start":{"line":58,"column":0},"end":{"line":58,"column":45}},"58":{"start":{"line":59,"column":0},"end":{"line":59,"column":100}},"59":{"start":{"line":60,"column":0},"end":{"line":60,"column":24}},"60":{"start":{"line":61,"column":0},"end":{"line":61,"column":5}},"61":{"start":{"line":62,"column":0},"end":{"line":62,"column":0}},"62":{"start":{"line":63,"column":0},"end":{"line":63,"column":7}},"63":{"start":{"line":64,"column":0},"end":{"line":64,"column":35}},"64":{"start":{"line":65,"column":0},"end":{"line":65,"column":47}},"65":{"start":{"line":66,"column":0},"end":{"line":66,"column":45}},"66":{"start":{"line":67,"column":0},"end":{"line":67,"column":26}},"67":{"start":{"line":68,"column":0},"end":{"line":68,"column":33}},"68":{"start":{"line":69,"column":0},"end":{"line":69,"column":29}},"69":{"start":{"line":70,"column":0},"end":{"line":70,"column":22}},"70":{"start":{"line":71,"column":0},"end":{"line":71,"column":6}},"71":{"start":{"line":72,"column":0},"end":{"line":72,"column":21}},"72":{"start":{"line":73,"column":0},"end":{"line":73,"column":33}},"73":{"start":{"line":74,"column":0},"end":{"line":74,"column":51}},"74":{"start":{"line":75,"column":0},"end":{"line":75,"column":66}},"75":{"start":{"line":76,"column":0},"end":{"line":76,"column":38}},"76":{"start":{"line":77,"column":0},"end":{"line":77,"column":10}},"77":{"start":{"line":78,"column":0},"end":{"line":78,"column":24}},"78":{"start":{"line":79,"column":0},"end":{"line":79,"column":5}},"79":{"start":{"line":80,"column":0},"end":{"line":80,"column":0}},"80":{"start":{"line":81,"column":0},"end":{"line":81,"column":1}}},"s":{"0":1,"1":1,"2":1,"3":1,"4":1,"5":1,"6":1,"7":12,"8":3,"9":3,"10":9,"11":9,"12":1,"13":1,"14":1,"15":1,"16":1,"17":1,"18":1,"19":2,"20":2,"21":2,"22":2,"23":1,"24":1,"25":1,"26":1,"27":1,"28":1,"29":1,"30":1,"31":2,"32":2,"33":2,"34":2,"35":1,"36":1,"37":1,"38":1,"39":1,"40":1,"41":1,"42":1,"43":2,"44":2,"45":2,"46":2,"47":1,"48":1,"49":1,"50":1,"51":1,"52":1,"53":1,"54":1,"55":1,"56":1,"57":2,"58":1,"59":1,"60":1,"61":1,"62":1,"63":1,"64":1,"65":1,"66":1,"67":1,"68":1,"69":1,"70":1,"71":1,"72":1,"73":1,"74":1,"75":3,"76":3,"77":1,"78":1,"79":1,"80":1},"branchMap":{"0":{"type":"branch","line":7,"loc":{"start":{"line":7,"column":4},"end":{"line":12,"column":5}},"locations":[{"start":{"line":7,"column":4},"end":{"line":12,"column":5}}]},"1":{"type":"branch","line":8,"loc":{"start":{"line":8,"column":12},"end":{"line":8,"column":48}},"locations":[{"start":{"line":8,"column":12},"end":{"line":8,"column":48}}]},"2":{"type":"branch","line":8,"loc":{"start":{"line":8,"column":12},"end":{"line":8,"column":70}},"locations":[{"start":{"line":8,"column":12},"end":{"line":8,"column":70}}]},"3":{"type":"branch","line":8,"loc":{"start":{"line":8,"column":70},"end":{"line":10,"column":9}},"locations":[{"start":{"line":8,"column":70},"end":{"line":10,"column":9}}]},"4":{"type":"branch","line":11,"loc":{"start":{"line":11,"column":-2},"end":{"line":12,"column":5}},"locations":[{"start":{"line":11,"column":-2},"end":{"line":12,"column":5}}]},"5":{"type":"branch","line":19,"loc":{"start":{"line":19,"column":4},"end":{"line":23,"column":5}},"locations":[{"start":{"line":19,"column":4},"end":{"line":23,"column":5}}]},"6":{"type":"branch","line":22,"loc":{"start":{"line":22,"column":24},"end":{"line":22,"column":36}},"locations":[{"start":{"line":22,"column":24},"end":{"line":22,"column":36}}]},"7":{"type":"branch","line":22,"loc":{"start":{"line":22,"column":24},"end":{"line":22,"column":59}},"locations":[{"start":{"line":22,"column":24},"end":{"line":22,"column":59}}]},"8":{"type":"branch","line":31,"loc":{"start":{"line":31,"column":4},"end":{"line":35,"column":5}},"locations":[{"start":{"line":31,"column":4},"end":{"line":35,"column":5}}]},"9":{"type":"branch","line":34,"loc":{"start":{"line":34,"column":24},"end":{"line":34,"column":36}},"locations":[{"start":{"line":34,"column":24},"end":{"line":34,"column":36}}]},"10":{"type":"branch","line":34,"loc":{"start":{"line":34,"column":24},"end":{"line":34,"column":77}},"locations":[{"start":{"line":34,"column":24},"end":{"line":34,"column":77}}]},"11":{"type":"branch","line":43,"loc":{"start":{"line":43,"column":4},"end":{"line":47,"column":5}},"locations":[{"start":{"line":43,"column":4},"end":{"line":47,"column":5}}]},"12":{"type":"branch","line":46,"loc":{"start":{"line":46,"column":24},"end":{"line":46,"column":37}},"locations":[{"start":{"line":46,"column":24},"end":{"line":46,"column":37}}]},"13":{"type":"branch","line":46,"loc":{"start":{"line":46,"column":24},"end":{"line":46,"column":44}},"locations":[{"start":{"line":46,"column":24},"end":{"line":46,"column":44}}]},"14":{"type":"branch","line":57,"loc":{"start":{"line":57,"column":4},"end":{"line":61,"column":5}},"locations":[{"start":{"line":57,"column":4},"end":{"line":61,"column":5}}]},"15":{"type":"branch","line":58,"loc":{"start":{"line":58,"column":36},"end":{"line":61,"column":5}},"locations":[{"start":{"line":58,"column":36},"end":{"line":61,"column":5}}]},"16":{"type":"branch","line":72,"loc":{"start":{"line":72,"column":4},"end":{"line":79,"column":5}},"locations":[{"start":{"line":72,"column":4},"end":{"line":79,"column":5}}]},"17":{"type":"branch","line":75,"loc":{"start":{"line":75,"column":48},"end":{"line":77,"column":10}},"locations":[{"start":{"line":75,"column":48},"end":{"line":77,"column":10}}]},"18":{"type":"branch","line":76,"loc":{"start":{"line":76,"column":24},"end":{"line":76,"column":34}},"locations":[{"start":{"line":76,"column":24},"end":{"line":76,"column":34}}]},"19":{"type":"branch","line":76,"loc":{"start":{"line":76,"column":24},"end":{"line":76,"column":38}},"locations":[{"start":{"line":76,"column":24},"end":{"line":76,"column":38}}]}},"b":{"0":[12],"1":[11],"2":[10],"3":[3],"4":[9],"5":[2],"6":[1],"7":[1],"8":[2],"9":[1],"10":[1],"11":[2],"12":[1],"13":[1],"14":[2],"15":[1],"16":[1],"17":[3],"18":[2],"19":[1]},"fnMap":{"0":{"name":"StringManipulations","decl":{"start":{"line":7,"column":4},"end":{"line":12,"column":5}},"loc":{"start":{"line":7,"column":4},"end":{"line":12,"column":5}},"line":7},"1":{"name":"findFirstMatch","decl":{"start":{"line":19,"column":4},"end":{"line":23,"column":5}},"loc":{"start":{"line":19,"column":4},"end":{"line":23,"column":5}},"line":19},"2":{"name":"findLastMatch","decl":{"start":{"line":31,"column":4},"end":{"line":35,"column":5}},"loc":{"start":{"line":31,"column":4},"end":{"line":35,"column":5}},"line":31},"3":{"name":"substringBetweenMatches","decl":{"start":{"line":43,"column":4},"end":{"line":47,"column":5}},"loc":{"start":{"line":43,"column":4},"end":{"line":47,"column":5}},"line":43},"4":{"name":"both_ends","decl":{"start":{"line":57,"column":4},"end":{"line":61,"column":5}},"loc":{"start":{"line":57,"column":4},"end":{"line":61,"column":5}},"line":57},"5":{"name":"fix_start","decl":{"start":{"line":72,"column":4},"end":{"line":79,"column":5}},"loc":{"start":{"line":72,"column":4},"end":{"line":79,"column":5}},"line":72}},"f":{"0":12,"1":2,"2":2,"3":2,"4":2,"5":1}}
,"C:\\www\\curso-testes-automatizados\\Aula 2\\jest\\src\\atividade1ClassConsumer.js": {"path":"C:\\www\\curso-testes-automatizados\\Aula 2\\jest\\src\\atividade1ClassConsumer.js","all":false,"statementMap":{"0":{"start":{"line":1,"column":0},"end":{"line":1,"column":52}},"1":{"start":{"line":2,"column":0},"end":{"line":2,"column":0}},"2":{"start":{"line":3,"column":0},"end":{"line":3,"column":21}},"3":{"start":{"line":4,"column":0},"end":{"line":4,"column":7}},"4":{"start":{"line":5,"column":0},"end":{"line":5,"column":57}},"5":{"start":{"line":6,"column":0},"end":{"line":6,"column":65}},"6":{"start":{"line":7,"column":0},"end":{"line":7,"column":7}},"7":{"start":{"line":8,"column":0},"end":{"line":8,"column":30}},"8":{"start":{"line":9,"column":0},"end":{"line":9,"column":37}},"9":{"start":{"line":10,"column":0},"end":{"line":10,"column":0}},"10":{"start":{"line":11,"column":0},"end":{"line":11,"column":59}},"11":{"start":{"line":12,"column":0},"end":{"line":12,"column":6}},"12":{"start":{"line":13,"column":0},"end":{"line":13,"column":0}},"13":{"start":{"line":14,"column":0},"end":{"line":14,"column":8}},"14":{"start":{"line":15,"column":0},"end":{"line":15,"column":56}},"15":{"start":{"line":16,"column":0},"end":{"line":16,"column":61}},"16":{"start":{"line":17,"column":0},"end":{"line":17,"column":53}},"17":{"start":{"line":18,"column":0},"end":{"line":18,"column":7}},"18":{"start":{"line":19,"column":0},"end":{"line":19,"column":32}},"19":{"start":{"line":20,"column":0},"end":{"line":20,"column":56}},"20":{"start":{"line":21,"column":0},"end":{"line":21,"column":6}},"21":{"start":{"line":22,"column":0},"end":{"line":22,"column":0}},"22":{"start":{"line":23,"column":0},"end":{"line":23,"column":8}},"23":{"start":{"line":24,"column":0},"end":{"line":24,"column":41}},"24":{"start":{"line":25,"column":0},"end":{"line":25,"column":62}},"25":{"start":{"line":26,"column":0},"end":{"line":26,"column":35}},"26":{"start":{"line":27,"column":0},"end":{"line":27,"column":7}},"27":{"start":{"line":28,"column":0},"end":{"line":28,"column":33}},"28":{"start":{"line":29,"column":0},"end":{"line":29,"column":50}},"29":{"start":{"line":30,"column":0},"end":{"line":30,"column":5}},"30":{"start":{"line":31,"column":0},"end":{"line":31,"column":1}},"31":{"start":{"line":32,"column":0},"end":{"line":32,"column":0}},"32":{"start":{"line":33,"column":0},"end":{"line":33,"column":31}}},"s":{"0":1,"1":1,"2":1,"3":1,"4":1,"5":1,"6":1,"7":1,"8":3,"9":3,"10":3,"11":3,"12":1,"13":1,"14":1,"15":1,"16":1,"17":1,"18":1,"19":1,"20":1,"21":1,"22":1,"23":1,"24":1,"25":1,"26":1,"27":1,"28":1,"29":1,"30":1,"31":1,"32":1},"branchMap":{"0":{"type":"branch","line":8,"loc":{"start":{"line":8,"column":5},"end":{"line":12,"column":6}},"locations":[{"start":{"line":8,"column":5},"end":{"line":12,"column":6}}]},"1":{"type":"branch","line":19,"loc":{"start":{"line":19,"column":5},"end":{"line":21,"column":6}},"locations":[{"start":{"line":19,"column":5},"end":{"line":21,"column":6}}]},"2":{"type":"branch","line":28,"loc":{"start":{"line":28,"column":6},"end":{"line":30,"column":5}},"locations":[{"start":{"line":28,"column":6},"end":{"line":30,"column":5}}]}},"b":{"0":[3],"1":[1],"2":[1]},"fnMap":{"0":{"name":"AdressMatcher","decl":{"start":{"line":8,"column":5},"end":{"line":12,"column":6}},"loc":{"start":{"line":8,"column":5},"end":{"line":12,"column":6}},"line":8},"1":{"name":"findStreetName","decl":{"start":{"line":19,"column":5},"end":{"line":21,"column":6}},"loc":{"start":{"line":19,"column":5},"end":{"line":21,"column":6}},"line":19},"2":{"name":"hideStreetName","decl":{"start":{"line":28,"column":6},"end":{"line":30,"column":5}},"loc":{"start":{"line":28,"column":6},"end":{"line":30,"column":5}},"line":28}},"f":{"0":3,"1":1,"2":1}}
}
