TN:
SF:src\atividade1.js
FN:7,StringManipulations
FN:19,findFirstMatch
FN:31,findLastMatch
FN:43,substringBetweenMatches
FN:57,both_ends
FN:72,fix_start
FNF:6
FNH:6
FNDA:12,StringManipulations
FNDA:2,findFirstMatch
FNDA:2,findLastMatch
FNDA:2,substringBetweenMatches
FNDA:2,both_ends
FNDA:1,fix_start
DA:1,1
DA:2,1
DA:3,1
DA:4,1
DA:5,1
DA:6,1
DA:7,1
DA:8,12
DA:9,3
DA:10,3
DA:11,9
DA:12,9
DA:13,1
DA:14,1
DA:15,1
DA:16,1
DA:17,1
DA:18,1
DA:19,1
DA:20,2
DA:21,2
DA:22,2
DA:23,2
DA:24,1
DA:25,1
DA:26,1
DA:27,1
DA:28,1
DA:29,1
DA:30,1
DA:31,1
DA:32,2
DA:33,2
DA:34,2
DA:35,2
DA:36,1
DA:37,1
DA:38,1
DA:39,1
DA:40,1
DA:41,1
DA:42,1
DA:43,1
DA:44,2
DA:45,2
DA:46,2
DA:47,2
DA:48,1
DA:49,1
DA:50,1
DA:51,1
DA:52,1
DA:53,1
DA:54,1
DA:55,1
DA:56,1
DA:57,1
DA:58,2
DA:59,1
DA:60,1
DA:61,1
DA:62,1
DA:63,1
DA:64,1
DA:65,1
DA:66,1
DA:67,1
DA:68,1
DA:69,1
DA:70,1
DA:71,1
DA:72,1
DA:73,1
DA:74,1
DA:75,1
DA:76,3
DA:77,3
DA:78,1
DA:79,1
DA:80,1
DA:81,1
LF:81
LH:81
BRDA:7,0,0,12
BRDA:8,1,0,11
BRDA:8,2,0,10
BRDA:8,3,0,3
BRDA:11,4,0,9
BRDA:19,5,0,2
BRDA:22,6,0,1
BRDA:22,7,0,1
BRDA:31,8,0,2
BRDA:34,9,0,1
BRDA:34,10,0,1
BRDA:43,11,0,2
BRDA:46,12,0,1
BRDA:46,13,0,1
BRDA:57,14,0,2
BRDA:58,15,0,1
BRDA:72,16,0,1
BRDA:75,17,0,3
BRDA:76,18,0,2
BRDA:76,19,0,1
BRF:20
BRH:20
end_of_record
TN:
SF:src\atividade1ClassConsumer.js
FN:8,AdressMatcher
FN:19,findStreetName
FN:28,hideStreetName
FNF:3
FNH:3
FNDA:3,AdressMatcher
FNDA:1,findStreetName
FNDA:1,hideStreetName
DA:1,1
DA:2,1
DA:3,1
DA:4,1
DA:5,1
DA:6,1
DA:7,1
DA:8,1
DA:9,3
DA:10,3
DA:11,3
DA:12,3
DA:13,1
DA:14,1
DA:15,1
DA:16,1
DA:17,1
DA:18,1
DA:19,1
DA:20,1
DA:21,1
DA:22,1
DA:23,1
DA:24,1
DA:25,1
DA:26,1
DA:27,1
DA:28,1
DA:29,1
DA:30,1
DA:31,1
DA:32,1
DA:33,1
LF:33
LH:33
BRDA:8,0,0,3
BRDA:19,1,0,1
BRDA:28,2,0,1
BRF:3
BRH:3
end_of_record
