<?xml version="1.0" encoding="UTF-8"?>
<coverage generated="1642984739147" clover="3.2.0">
  <project timestamp="1642984739147" name="All files">
    <metrics statements="16" coveredstatements="13" conditionals="4" coveredconditionals="4" methods="6" coveredmethods="3" elements="26" coveredelements="20" complexity="0" loc="16" ncloc="16" packages="1" files="1" classes="1"/>
    <file name="atividade1.js" path="C:\www\curso-testes-automatizados\Aula 2\jest\src\atividade1.js">
      <metrics statements="16" coveredstatements="13" conditionals="4" coveredconditionals="4" methods="6" coveredmethods="3"/>
      <line num="1" count="1" type="stmt"/>
      <line num="8" count="4" type="stmt"/>
      <line num="17" count="2" type="stmt"/>
      <line num="18" count="2" type="stmt"/>
      <line num="19" count="2" type="cond" truecount="2" falsecount="0"/>
      <line num="20" count="1" type="stmt"/>
      <line num="21" count="0" type="stmt"/>
      <line num="22" count="0" type="stmt"/>
      <line num="23" count="0" type="stmt"/>
      <line num="25" count="1" type="stmt"/>
      <line num="36" count="2" type="stmt"/>
      <line num="37" count="2" type="stmt"/>
      <line num="38" count="2" type="stmt"/>
      <line num="39" count="2" type="cond" truecount="2" falsecount="0"/>
      <line num="40" count="1" type="stmt"/>
      <line num="42" count="1" type="stmt"/>
    </file>
  </project>
</coverage>
