{"C:\\www\\curso-testes-automatizados\\Aula 2\\jest\\src\\atividade1.js": {"path":"C:\\www\\curso-testes-automatizados\\Aula 2\\jest\\src\\atividade1.js","statementMap":{"0":{"start":{"line":1,"column":0},"end":{"line":77,"column":1}},"1":{"start":{"line":8,"column":8},"end":{"line":8,"column":29}},"2":{"start":{"line":17,"column":34},"end":{"line":17,"column":57}},"3":{"start":{"line":18,"column":26},"end":{"line":18,"column":62}},"4":{"start":{"line":19,"column":8},"end":{"line":26,"column":9}},"5":{"start":{"line":20,"column":12},"end":{"line":20,"column":26}},"6":{"start":{"line":21,"column":12},"end":{"line":21,"column":54}},"7":{"start":{"line":22,"column":12},"end":{"line":22,"column":68}},"8":{"start":{"line":23,"column":12},"end":{"line":23,"column":62}},"9":{"start":{"line":25,"column":12},"end":{"line":25,"column":21}},"10":{"start":{"line":36,"column":34},"end":{"line":36,"column":57}},"11":{"start":{"line":37,"column":26},"end":{"line":37,"column":62}},"12":{"start":{"line":38,"column":8},"end":{"line":38,"column":30}},"13":{"start":{"line":39,"column":8},"end":{"line":43,"column":9}},"14":{"start":{"line":40,"column":12},"end":{"line":40,"column":34}},"15":{"start":{"line":42,"column":12},"end":{"line":42,"column":21}}},"fnMap":{"0":{"name":"(anonymous_0)","decl":{"start":{"line":7,"column":4},"end":{"line":7,"column":5}},"loc":{"start":{"line":7,"column":24},"end":{"line":9,"column":5}},"line":7},"1":{"name":"(anonymous_1)","decl":{"start":{"line":16,"column":4},"end":{"line":16,"column":5}},"loc":{"start":{"line":16,"column":27},"end":{"line":27,"column":5}},"line":16},"2":{"name":"(anonymous_2)","decl":{"start":{"line":35,"column":4},"end":{"line":35,"column":5}},"loc":{"start":{"line":35,"column":26},"end":{"line":44,"column":5}},"line":35},"3":{"name":"(anonymous_3)","decl":{"start":{"line":52,"column":4},"end":{"line":52,"column":5}},"loc":{"start":{"line":52,"column":46},"end":{"line":52,"column":48}},"line":52},"4":{"name":"(anonymous_4)","decl":{"start":{"line":62,"column":4},"end":{"line":62,"column":5}},"loc":{"start":{"line":62,"column":16},"end":{"line":64,"column":5}},"line":62},"5":{"name":"(anonymous_5)","decl":{"start":{"line":75,"column":4},"end":{"line":75,"column":5}},"loc":{"start":{"line":75,"column":20},"end":{"line":75,"column":22}},"line":75}},"branchMap":{"0":{"loc":{"start":{"line":19,"column":8},"end":{"line":26,"column":9}},"type":"if","locations":[{"start":{"line":19,"column":8},"end":{"line":26,"column":9}},{"start":{"line":24,"column":15},"end":{"line":26,"column":9}}],"line":19},"1":{"loc":{"start":{"line":39,"column":8},"end":{"line":43,"column":9}},"type":"if","locations":[{"start":{"line":39,"column":8},"end":{"line":43,"column":9}},{"start":{"line":41,"column":15},"end":{"line":43,"column":9}}],"line":39}},"s":{"0":1,"1":4,"2":2,"3":2,"4":2,"5":1,"6":0,"7":0,"8":0,"9":1,"10":2,"11":2,"12":2,"13":2,"14":1,"15":1},"f":{"0":4,"1":2,"2":2,"3":0,"4":0,"5":0},"b":{"0":[1,1],"1":[1,1]},"_coverageSchema":"1a1c01bbd47fc00a2c39e90264f33305004495a9","hash":"348a4d525fd363dc63c417ed308ba9232e2abb47"}
}
