TN:
SF:Aula 2\jest\src\atividade1.js
FN:7,(anonymous_0)
FN:16,(anonymous_1)
FN:35,(anonymous_2)
FN:52,(anonymous_3)
FN:62,(anonymous_4)
FN:75,(anonymous_5)
FNF:6
FNH:3
FNDA:4,(anonymous_0)
FNDA:2,(anonymous_1)
FNDA:2,(anonymous_2)
FNDA:0,(anonymous_3)
FNDA:0,(anonymous_4)
FNDA:0,(anonymous_5)
DA:1,1
DA:8,4
DA:17,2
DA:18,2
DA:19,2
DA:20,1
DA:21,0
DA:22,0
DA:23,0
DA:25,1
DA:36,2
DA:37,2
DA:38,2
DA:39,2
DA:40,1
DA:42,1
LF:16
LH:13
BRDA:19,0,0,1
BRDA:19,0,1,1
BRDA:39,1,0,1
BRDA:39,1,1,1
BRF:4
BRH:4
end_of_record
